<?xml version="1.0" encoding="UTF-8"?>
<!-- Generated by org.testng.reporters.JUnitReportReporter -->
<testsuite skipped="0" hostname="DESKTOP-NPGNVUT" name="seleniumTestNG.TestNG_Day06" tests="5" failures="0" timestamp="2020-05-27T22:07:52 EDT" time="97.089" errors="0">
  <testcase name="createAccount" time="18.523" classname="seleniumTestNG.TestNG_Day06"/>
  <system-out/>
  <testcase name="createAccount" time="19.326" classname="seleniumTestNG.TestNG_Day06"/>
  <system-out/>
  <testcase name="createAccount" time="21.010" classname="seleniumTestNG.TestNG_Day06"/>
  <system-out/>
  <testcase name="createAccount" time="19.817" classname="seleniumTestNG.TestNG_Day06"/>
  <system-out/>
  <testcase name="createAccount" time="18.413" classname="seleniumTestNG.TestNG_Day06"/>
  <system-out/>
</testsuite> <!-- seleniumTestNG.TestNG_Day06 -->
