<?xml version="1.0" encoding="UTF-8"?>
<!-- Generated by org.testng.reporters.JUnitReportReporter -->
<testsuite skipped="0" hostname="DESKTOP-NPGNVUT" name="seleniumTestNG.TestNG_Dayy02_Priorities" tests="4" failures="0" timestamp="2020-05-21T19:47:03 EDT" time="0.002" errors="0">
  <testcase name="firstMethod" time="0.000" classname="seleniumTestNG.TestNG_Dayy02_Priorities"/>
  <system-out/>
  <testcase name="secondMethod" time="0.001" classname="seleniumTestNG.TestNG_Dayy02_Priorities"/>
  <system-out/>
  <testcase name="thirdMethod" time="0.001" classname="seleniumTestNG.TestNG_Dayy02_Priorities"/>
  <system-out/>
  <testcase name="fourthMethod" time="0.000" classname="seleniumTestNG.TestNG_Dayy02_Priorities"/>
  <system-out/>
</testsuite> <!-- seleniumTestNG.TestNG_Dayy02_Priorities -->
