<?xml version="1.0" encoding="UTF-8"?>
<!-- Generated by org.testng.reporters.JUnitReportReporter -->
<testsuite skipped="0" hostname="DESKTOP-NPGNVUT" name="seleniumTestNG.TestNG_Day03" tests="1" failures="0" timestamp="2020-05-21T20:01:42 EDT" time="0.001" errors="0">
  <testcase name="test" time="0.001" classname="seleniumTestNG.TestNG_Day03"/>
  <system-out/>
</testsuite> <!-- seleniumTestNG.TestNG_Day03 -->
