<?xml version="1.0" encoding="UTF-8"?>
<!-- Generated by org.testng.reporters.JUnitReportReporter -->
<testsuite skipped="0" hostname="DESKTOP-NPGNVUT" name="seleniumTestNG.TestNg_Day04" tests="1" failures="0" timestamp="2020-05-31T18:52:58 EDT" time="0.007" errors="0">
  <testcase name="login" time="0.007" classname="seleniumTestNG.TestNg_Day04"/>
  <system-out/>
</testsuite> <!-- seleniumTestNG.TestNg_Day04 -->
