<?xml version="1.0" encoding="UTF-8"?>
<!-- Generated by org.testng.reporters.JUnitReportReporter -->
<testsuite skipped="0" hostname="DESKTOP-NPGNVUT" name="seleniumTestNG.TestNg_SalesForceLogin" tests="1" failures="0" timestamp="2020-05-31T15:22:29 EDT" time="10.052" errors="0">
  <testcase name="login" time="10.052" classname="seleniumTestNG.TestNg_SalesForceLogin"/>
  <system-out/>
</testsuite> <!-- seleniumTestNG.TestNg_SalesForceLogin -->
