<?xml version="1.0" encoding="UTF-8"?>
<!-- Generated by org.testng.reporters.JUnitReportReporter -->
<testsuite skipped="3" hostname="DESKTOP-NPGNVUT" name="seleniumTestNG.Selenium_Day1_Example" tests="5" failures="0" timestamp="2020-05-31T15:22:29 EDT" time="24.050" errors="0">
  <testcase name="verifyFeilds" time="16.373" classname="seleniumTestNG.Selenium_Day1_Example"/>
  <system-out/>
  <testcase name="VerifyLogin" time="7.677" classname="seleniumTestNG.Selenium_Day1_Example"/>
  <system-out/>
  <testcase name="SiteTitle" classname="seleniumTestNG.Selenium_Day1_Example">
    <skipped/>
  </testcase> <!-- SiteTitle -->
  <system-out/>
  <testcase name="CreateAccount" classname="seleniumTestNG.Selenium_Day1_Example">
    <skipped/>
  </testcase> <!-- CreateAccount -->
  <system-out/>
  <testcase name="VerifyLogo" classname="seleniumTestNG.Selenium_Day1_Example">
    <skipped/>
  </testcase> <!-- VerifyLogo -->
  <system-out/>
</testsuite> <!-- seleniumTestNG.Selenium_Day1_Example -->
