<?xml version="1.0" encoding="UTF-8"?>
<!-- Generated by org.testng.reporters.JUnitReportReporter -->
<testsuite skipped="0" hostname="DESKTOP-NPGNVUT" name="seleniumTestNG.TestNG_Day1" tests="2" failures="0" timestamp="2020-05-23T14:51:03 EDT" time="0.006" errors="0">
  <testcase name="methodTwo" time="0.001" classname="seleniumTestNG.TestNG_Day1"/>
  <system-out/>
  <testcase name="exampleOne" time="0.005" classname="seleniumTestNG.TestNG_Day1"/>
  <system-out/>
</testsuite> <!-- seleniumTestNG.TestNG_Day1 -->
