<?xml version="1.0" encoding="UTF-8"?>
<!-- Generated by org.testng.reporters.JUnitReportReporter -->
<testsuite skipped="0" hostname="DESKTOP-NPGNVUT" name="seleniumTestNG.TestNG_DataProvider" tests="3" failures="0" timestamp="2020-05-27T20:22:46 EDT" time="0.005" errors="0">
  <testcase name="login" time="0.004" classname="seleniumTestNG.TestNG_DataProvider"/>
  <system-out/>
  <testcase name="login" time="0.000" classname="seleniumTestNG.TestNG_DataProvider"/>
  <system-out/>
  <testcase name="login" time="0.001" classname="seleniumTestNG.TestNG_DataProvider"/>
  <system-out/>
</testsuite> <!-- seleniumTestNG.TestNG_DataProvider -->
