<?xml version="1.0" encoding="UTF-8"?>
<!-- Generated by org.testng.reporters.JUnitReportReporter -->
<testsuite skipped="0" hostname="DESKTOP-NPGNVUT" name="com.codegator.Sample" tests="1" failures="0" timestamp="2020-06-22T21:44:39 EDT" time="0.006" errors="0">
  <testcase name="methodOne" time="0.006" classname="com.codegator.Sample"/>
  <system-out/>
</testsuite> <!-- com.codegator.Sample -->
