<?xml version="1.0" encoding="UTF-8"?>
<!-- Generated by org.testng.reporters.JUnitReportReporter -->
<testsuite skipped="0" hostname="DESKTOP-NPGNVUT" name="com.SalesFroce.TestFile.LoginTest2" tests="2" failures="0" timestamp="2020-06-23T20:22:01 EDT" time="16.672" errors="0">
  <testcase name="usingValidCredentials" time="8.855" classname="com.SalesFroce.TestFile.LoginTest2"/>
  <system-out/>
  <testcase name="invalidCredentials" time="7.817" classname="com.SalesFroce.TestFile.LoginTest2"/>
  <system-out/>
</testsuite> <!-- com.SalesFroce.TestFile.LoginTest2 -->
