<?xml version="1.0" encoding="UTF-8"?>
<!-- Generated by org.testng.reporters.JUnitReportReporter -->
<testsuite skipped="0" hostname="DESKTOP-NPGNVUT" name="GetAndPostExamples" tests="2" failures="0" timestamp="2021-01-30T17:20:41 EST" time="2.492" errors="0">
  <testcase name="testGet" time="2.068" classname="GetAndPostExamples"/>
  <system-out/>
  <testcase name="testPost" time="0.424" classname="GetAndPostExamples"/>
  <system-out/>
</testsuite> <!-- GetAndPostExamples -->
