<?xml version="1.0" encoding="UTF-8"?>
<!-- Generated by org.testng.reporters.JUnitReportReporter -->
<testsuite skipped="0" hostname="DESKTOP-NPGNVUT" name="PutPatchDeleteExamples" tests="3" failures="0" timestamp="2021-01-30T17:36:22 EST" time="2.766" errors="0">
  <testcase name="testPatch" time="0.410" classname="PutPatchDeleteExamples"/>
  <system-out/>
  <testcase name="testPut" time="0.358" classname="PutPatchDeleteExamples"/>
  <system-out/>
  <testcase name="testDelete" time="1.998" classname="PutPatchDeleteExamples"/>
  <system-out/>
</testsuite> <!-- PutPatchDeleteExamples -->
