<?xml version="1.0" encoding="UTF-8"?>
<!-- Generated by org.testng.reporters.JUnitReportReporter -->
<testsuite skipped="0" hostname="DESKTOP-NPGNVUT" name="Test01_GET" tests="2" failures="0" timestamp="2021-01-30T16:20:37 EST" time="1.892" errors="0">
  <testcase name="test_01" time="1.744" classname="Test01_GET"/>
  <system-out/>
  <testcase name="test_02" time="0.148" classname="Test01_GET"/>
  <system-out/>
</testsuite> <!-- Test01_GET -->
