<?xml version="1.0" encoding="UTF-8"?>
<!-- Generated by org.testng.reporters.JUnitReportReporter -->
<testsuite skipped="0" hostname="DESKTOP-NPGNVUT" name="com.SalesFroce.TestFile.LoginTest2" tests="2" failures="0" timestamp="2022-02-16T10:18:54 EST" time="12.162" errors="0">
  <testcase name="usingValidCredentials" time="8.023" classname="com.SalesFroce.TestFile.LoginTest2"/>
  <system-out/>
  <testcase name="invalidCredentials" time="4.139" classname="com.SalesFroce.TestFile.LoginTest2"/>
  <system-out/>
</testsuite> <!-- com.SalesFroce.TestFile.LoginTest2 -->
