<?xml version="1.0" encoding="UTF-8"?>
<!-- Generated by org.testng.reporters.JUnitReportReporter -->
<testsuite skipped="0" hostname="DESKTOP-NPGNVUT" name="com.SalesFroce.TestFile.LoginTest" tests="2" failures="0" timestamp="2020-06-04T20:29:57 EDT" time="14.868" errors="0">
  <testcase name="usingValidCredentials" time="8.093" classname="com.SalesFroce.TestFile.LoginTest"/>
  <system-out/>
  <testcase name="invalidCredentials" time="6.775" classname="com.SalesFroce.TestFile.LoginTest"/>
  <system-out/>
</testsuite> <!-- com.SalesFroce.TestFile.LoginTest -->
