<?xml version="1.0" encoding="UTF-8"?>
<!-- Generated by org.testng.reporters.JUnitReportReporter -->
<testsuite skipped="0" hostname="DESKTOP-NPGNVUT" name="com.SalesFroce.TestFile.LeadTest" tests="1" failures="0" timestamp="2022-02-17T20:51:46 EST" time="7.394" errors="0">
  <testcase name="createLead" time="7.394" classname="com.SalesFroce.TestFile.LeadTest"/>
  <system-out/>
</testsuite> <!-- com.SalesFroce.TestFile.LeadTest -->
