<?xml version="1.0" encoding="UTF-8"?>
<!-- Generated by org.testng.reporters.JUnitReportReporter -->
<testsuite skipped="0" hostname="DESKTOP-NPGNVUT" name="com.SalesFroce.TestFile.AccountsTest" tests="1" failures="0" timestamp="2022-02-17T20:50:49 EST" time="8.638" errors="0">
  <testcase name="creatAccount" time="8.638" classname="com.SalesFroce.TestFile.AccountsTest"/>
  <system-out/>
</testsuite> <!-- com.SalesFroce.TestFile.AccountsTest -->
