<?xml version="1.0" encoding="UTF-8"?>
<!-- Generated by org.testng.reporters.JUnitReportReporter -->
<testsuite skipped="0" hostname="DESKTOP-NPGNVUT" name="com.SalesFroce.TestFile.LoginTestUsingExcell" tests="3" failures="0" timestamp="2022-02-17T21:19:56 EST" time="13.052" errors="0">
  <testcase name="usingValidCredentials" time="4.572" classname="com.SalesFroce.TestFile.LoginTestUsingExcell"/>
  <system-out/>
  <testcase name="usingValidCredentials" time="4.692" classname="com.SalesFroce.TestFile.LoginTestUsingExcell"/>
  <system-out/>
  <testcase name="usingValidCredentials" time="3.788" classname="com.SalesFroce.TestFile.LoginTestUsingExcell"/>
  <system-out/>
</testsuite> <!-- com.SalesFroce.TestFile.LoginTestUsingExcell -->
