<?xml version="1.0" encoding="UTF-8"?>
<!-- Generated by org.testng.reporters.JUnitReportReporter -->
<testsuite skipped="0" hostname="DESKTOP-NPGNVUT" name="com.codegator.testng.MavenExapmple" tests="1" failures="0" timestamp="2022-03-01T21:24:51 EST" time="0.005" errors="0">
  <testcase name="methodOne" time="0.005" classname="com.codegator.testng.MavenExapmple"/>
  <system-out/>
</testsuite> <!-- com.codegator.testng.MavenExapmple -->
