<?xml version="1.0" encoding="UTF-8"?>
<!-- Generated by org.testng.reporters.JUnitReportReporter -->
<testsuite hostname="DESKTOP-NPGNVUT" failures="0" tests="1" name="com.SalesFroce.TestFile.LoginTestUsingExcell" time="0.000" errors="0" timestamp="16 Mar 2022 01:41:53 GMT" skipped="1">
  <testcase classname="com.SalesFroce.TestFile.LoginTestUsingExcell" name="usingValidCredentials" time="0.000">
    <skipped/>
  </testcase> <!-- usingValidCredentials -->
</testsuite> <!-- com.SalesFroce.TestFile.LoginTestUsingExcell -->
