<?xml version="1.0" encoding="UTF-8"?>
<!-- Generated by org.testng.reporters.JUnitReportReporter -->
<testsuite skipped="0" hostname="DESKTOP-NPGNVUT" name="com.SalesFroce.TestFile.LoginTest2" tests="2" failures="0" timestamp="2020-06-07T19:24:46 EDT" time="15.649" errors="0">
  <testcase name="usingValidCredentials" time="8.091" classname="com.SalesFroce.TestFile.LoginTest2"/>
  <system-out/>
  <testcase name="invalidCredentials" time="7.558" classname="com.SalesFroce.TestFile.LoginTest2"/>
  <system-out/>
</testsuite> <!-- com.SalesFroce.TestFile.LoginTest2 -->
