<?xml version="1.0" encoding="UTF-8"?>
<!-- Generated by org.testng.reporters.JUnitReportReporter -->
<testsuite skipped="0" hostname="DESKTOP-NPGNVUT" name="com.SalesFroce.TestFile.LoginTestUsingExcell" tests="3" failures="0" timestamp="2020-06-08T22:18:02 EDT" time="28.321" errors="0">
  <testcase name="usingValidCredentials" time="13.455" classname="com.SalesFroce.TestFile.LoginTestUsingExcell"/>
  <system-out/>
  <testcase name="usingValidCredentials" time="7.357" classname="com.SalesFroce.TestFile.LoginTestUsingExcell"/>
  <system-out/>
  <testcase name="usingValidCredentials" time="7.509" classname="com.SalesFroce.TestFile.LoginTestUsingExcell"/>
  <system-out/>
</testsuite> <!-- com.SalesFroce.TestFile.LoginTestUsingExcell -->
