<?xml version="1.0" encoding="UTF-8"?>
<!-- Generated by org.testng.reporters.JUnitReportReporter -->
<testsuite hostname="DESKTOP-NPGNVUT" failures="0" tests="1" name="com.codegator.testng.MavenExapmple" time="3.768" errors="0" timestamp="2022-03-02T19:18:42 EST" skipped="0">
  <testcase classname="com.codegator.testng.MavenExapmple" name="methodOne" time="3.768"/>
  <system-out/>
</testsuite> <!-- com.codegator.testng.MavenExapmple -->
