<?xml version="1.0" encoding="UTF-8"?>
<!-- Generated by org.testng.reporters.JUnitReportReporter -->
<testsuite skipped="0" hostname="DESKTOP-NPGNVUT" name="com.SalesFroce.TestFile.AccountsTest" tests="1" failures="0" timestamp="2020-06-07T20:35:16 EDT" time="13.899" errors="0">
  <testcase name="creatAccount" time="13.899" classname="com.SalesFroce.TestFile.AccountsTest"/>
  <system-out/>
</testsuite> <!-- com.SalesFroce.TestFile.AccountsTest -->
