<?xml version="1.0" encoding="UTF-8"?>
<!-- Generated by org.testng.reporters.JUnitReportReporter -->
<testsuite skipped="0" hostname="DESKTOP-NPGNVUT" name="com.SalesFroce.TestFile.LeadTest" tests="1" failures="0" timestamp="2020-06-04T21:38:12 EDT" time="12.915" errors="0">
  <testcase name="createLead" time="12.915" classname="com.SalesFroce.TestFile.LeadTest"/>
  <system-out/>
</testsuite> <!-- com.SalesFroce.TestFile.LeadTest -->
